生成启动时间为 2017/6/11 20:27:41。
     1>项目“C:\Users\ASUS\Documents\Visual Studio 2013\Projects\homeworkcs\homeworkcs\homeworkcs.vcxproj”在节点 2 上(Build 个目标)。
     1>ClCompile:
         C:\Program Files (x86)\Microsoft Visual Studio 12.0\VC\bin\CL.exe /c /ZI /nologo /W3 /WX- /sdl /Od /Oy- /D _CRT_SECURE_NO_WARNINGS /D WIN32 /D _DEBUG /D _CONSOLE /D _UNICODE /D UNICODE /Gm /EHsc /RTC1 /MDd /GS /fp:precise /Zc:wchar_t /Zc:forScope /Fo"Debug\\" /Fd"Debug\vc120.pdb" /Gd /TP /analyze- /errorReport:prompt Camera.cpp MDLModel.cpp homeworkcs.cpp md2.cpp
         md2.cpp
         homeworkcs.cpp
         MDLModel.cpp
         Camera.cpp
         正在生成代码...
       Link:
         C:\Program Files (x86)\Microsoft Visual Studio 12.0\VC\bin\link.exe /ERRORREPORT:PROMPT /OUT:"C:\Users\ASUS\Documents\Visual Studio 2013\Projects\homeworkcs\Debug\homeworkcs.exe" /INCREMENTAL /NOLOGO opencv_calib3d2413d.lib opencv_contrib2413d.lib opencv_core2413d.lib opencv_features2d2413d.lib opencv_flann2413d.lib opencv_gpu2413d.lib opencv_highgui2413d.lib opencv_imgproc2413d.lib opencv_legacy2413d.lib opencv_ml2413d.lib opencv_nonfree2413d.lib opencv_objdetect2413d.lib opencv_ocl2413d.lib opencv_photo2413d.lib opencv_stitching2413d.lib opencv_superres2413d.lib opencv_ts2413d.lib opencv_video2413d.lib opencv_videostab2413d.lib kernel32.lib user32.lib gdi32.lib winspool.lib comdlg32.lib advapi32.lib shell32.lib ole32.lib oleaut32.lib uuid.lib odbc32.lib odbccp32.lib kernel32.lib user32.lib gdi32.lib winspool.lib comdlg32.lib advapi32.lib shell32.lib ole32.lib oleaut32.lib uuid.lib odbc32.lib odbccp32.lib /MANIFEST /MANIFESTUAC:"level='asInvoker' uiAccess='false'" /manifest:embed /DEBUG /PDB:"C:\Users\ASUS\Documents\Visual Studio 2013\Projects\homeworkcs\Debug\homeworkcs.pdb" /SUBSYSTEM:CONSOLE /TLBID:1 /DYNAMICBASE /NXCOMPAT /IMPLIB:"C:\Users\ASUS\Documents\Visual Studio 2013\Projects\homeworkcs\Debug\homeworkcs.lib" /MACHINE:X86 Debug\anmobj.obj
         Debug\Camera.obj
         Debug\game.obj
         Debug\homeworkcs.obj
         Debug\IMAGELoader.obj
         Debug\MathLib.obj
         Debug\md2.obj
         Debug\MDLModel.obj
         Debug\Map.obj
         Debug\stdafx.obj
         homeworkcs.vcxproj -> C:\Users\ASUS\Documents\Visual Studio 2013\Projects\homeworkcs\Debug\homeworkcs.exe
     1>已完成生成项目“C:\Users\ASUS\Documents\Visual Studio 2013\Projects\homeworkcs\homeworkcs\homeworkcs.vcxproj”(Build 个目标)的操作。

生成成功。

已用时间 00:00:05.49
