c:\users\asus\documents\visual studio 2013\projects\homeworkcs\homeworkcs\debug\vc120.pdb
c:\users\asus\documents\visual studio 2013\projects\homeworkcs\homeworkcs\debug\vc120.idb
c:\users\asus\documents\visual studio 2013\projects\homeworkcs\homeworkcs\debug\anmobj.obj
c:\users\asus\documents\visual studio 2013\projects\homeworkcs\homeworkcs\debug\camera.obj
c:\users\asus\documents\visual studio 2013\projects\homeworkcs\homeworkcs\debug\game.obj
c:\users\asus\documents\visual studio 2013\projects\homeworkcs\homeworkcs\debug\glfont.obj
c:\users\asus\documents\visual studio 2013\projects\homeworkcs\homeworkcs\debug\homeworkcs.obj
c:\users\asus\documents\visual studio 2013\projects\homeworkcs\homeworkcs\debug\imageloader.obj
c:\users\asus\documents\visual studio 2013\projects\homeworkcs\homeworkcs\debug\mathlib.obj
c:\users\asus\documents\visual studio 2013\projects\homeworkcs\homeworkcs\debug\md2.obj
c:\users\asus\documents\visual studio 2013\projects\homeworkcs\homeworkcs\debug\mdlmodel.obj
c:\users\asus\documents\visual studio 2013\projects\homeworkcs\homeworkcs\debug\map.obj
c:\users\asus\documents\visual studio 2013\projects\homeworkcs\homeworkcs\debug\stdafx.obj
c:\users\asus\documents\visual studio 2013\projects\homeworkcs\debug\homeworkcs.ilk
c:\users\asus\documents\visual studio 2013\projects\homeworkcs\debug\homeworkcs.exe
c:\users\asus\documents\visual studio 2013\projects\homeworkcs\debug\homeworkcs.pdb
c:\users\asus\documents\visual studio 2013\projects\homeworkcs\homeworkcs\debug\homeworkcs.tlog\cl.command.1.tlog
c:\users\asus\documents\visual studio 2013\projects\homeworkcs\homeworkcs\debug\homeworkcs.tlog\cl.read.1.tlog
c:\users\asus\documents\visual studio 2013\projects\homeworkcs\homeworkcs\debug\homeworkcs.tlog\cl.write.1.tlog
c:\users\asus\documents\visual studio 2013\projects\homeworkcs\homeworkcs\debug\homeworkcs.tlog\link.command.1.tlog
c:\users\asus\documents\visual studio 2013\projects\homeworkcs\homeworkcs\debug\homeworkcs.tlog\link.read.1.tlog
c:\users\asus\documents\visual studio 2013\projects\homeworkcs\homeworkcs\debug\homeworkcs.tlog\link.write.1.tlog
